# JRE version: OpenJDK Runtime Environment (11.0.11+9) (build 11.0.11+9-b60-7590822)
# Java VM: OpenJDK 64-Bit Server VM (11.0.11+9-b60-7590822, mixed mode, tiered, compressed oops, g1 gc, windows-amd64)
Heap:
 garbage-first heap   total 538624K, used 158240K [0x00000000b0000000, 0x0000000100000000)
  region size 1024K, 5 young (5120K), 5 survivors (5120K)
 Metaspace       used 119456K, capacity 122377K, committed 122448K, reserved 1155072K
  class space    used 14887K, capacity 15997K, committed 16000K, reserved 1048576K
GC Heap History (20 events):
Event: 41.007 GC heap after
{Heap after GC invocations=101 (full 0):
 garbage-first heap   total 189440K, used 125516K [0x00000000b0000000, 0x0000000100000000)
  region size 1024K, 3 young (3072K), 3 survivors (3072K)
 Metaspace       used 119300K, capacity 122220K, committed 122448K, reserved 1155072K
  class space    used 14881K, capacity 15994K, committed 16000K, reserved 1048576K
}
Event: 41.030 GC heap before
{Heap before GC invocations=101 (full 0):
 garbage-first heap   total 189440K, used 131660K [0x00000000b0000000, 0x0000000100000000)
  region size 1024K, 9 young (9216K), 3 survivors (3072K)
 Metaspace       used 119310K, capacity 122223K, committed 122448K, reserved 1155072K
  class space    used 14881K, capacity 15994K, committed 16000K, reserved 1048576K
}
Event: 41.039 GC heap after
{Heap after GC invocations=102 (full 0):
 garbage-first heap   total 189440K, used 122799K [0x00000000b0000000, 0x0000000100000000)
  region size 1024K, 1 young (1024K), 1 survivors (1024K)
 Metaspace       used 119310K, capacity 122223K, committed 122448K, reserved 1155072K
  class space    used 14881K, capacity 15994K, committed 16000K, reserved 1048576K
}
Event: 41.191 GC heap before
{Heap before GC invocations=102 (full 0):
 garbage-first heap   total 189440K, used 162735K [0x00000000b0000000, 0x0000000100000000)
  region size 1024K, 40 young (40960K), 1 survivors (1024K)
 Metaspace       used 119360K, capacity 122297K, committed 122448K, reserved 1155072K
  class space    used 14884K, capacity 15995K, committed 16000K, reserved 1048576K
}
Event: 41.194 GC heap after
{Heap after GC invocations=103 (full 0):
 garbage-first heap   total 189440K, used 123835K [0x00000000b0000000, 0x0000000100000000)
  region size 1024K, 2 young (2048K), 2 survivors (2048K)
 Metaspace       used 119360K, capacity 122297K, committed 122448K, reserved 1155072K
  class space    used 14884K, capacity 15995K, committed 16000K, reserved 1048576K
}
Event: 41.322 GC heap before
{Heap before GC invocations=103 (full 0):
 garbage-first heap   total 189440K, used 163771K [0x00000000b0000000, 0x0000000100000000)
  region size 1024K, 40 young (40960K), 2 survivors (2048K)
 Metaspace       used 119385K, capacity 122302K, committed 122448K, reserved 1155072K
  class space    used 14885K, capacity 15996K, committed 16000K, reserved 1048576K
}
Event: 41.324 GC heap after
{Heap after GC invocations=104 (full 0):
 garbage-first heap   total 189440K, used 126864K [0x00000000b0000000, 0x0000000100000000)
  region size 1024K, 4 young (4096K), 4 survivors (4096K)
 Metaspace       used 119385K, capacity 122302K, committed 122448K, reserved 1155072K
  class space    used 14885K, capacity 15996K, committed 16000K, reserved 1048576K
}
Event: 41.436 GC heap before
{Heap before GC invocations=104 (full 0):
 garbage-first heap   total 189440K, used 161680K [0x00000000b0000000, 0x0000000100000000)
  region size 1024K, 39 young (39936K), 4 survivors (4096K)
 Metaspace       used 119396K, capacity 122303K, committed 122448K, reserved 1155072K
  class space    used 14885K, capacity 15996K, committed 16000K, reserved 1048576K
}
Event: 41.440 GC heap after
{Heap after GC invocations=105 (full 0):
 garbage-first heap   total 189440K, used 131872K [0x00000000b0000000, 0x0000000100000000)
  region size 1024K, 5 young (5120K), 5 survivors (5120K)
 Metaspace       used 119396K, capacity 122303K, committed 122448K, reserved 1155072K
  class space    used 14885K, capacity 15996K, committed 16000K, reserved 1048576K
}
Event: 41.495 GC heap before
{Heap before GC invocations=105 (full 0):
 garbage-first heap   total 189440K, used 160544K [0x00000000b0000000, 0x0000000100000000)
  region size 1024K, 33 young (33792K), 5 survivors (5120K)
 Metaspace       used 119399K, capacity 122304K, committed 122448K, reserved 1155072K
  class space    used 14885K, capacity 15996K, committed 16000K, reserved 1048576K
}
Event: 41.503 GC heap after
{Heap after GC invocations=106 (full 0):
 garbage-first heap   total 189440K, used 134570K [0x00000000b0000000, 0x0000000100000000)
  region size 1024K, 5 young (5120K), 5 survivors (5120K)
 Metaspace       used 119399K, capacity 122304K, committed 122448K, reserved 1155072K
  class space    used 14885K, capacity 15996K, committed 16000K, reserved 1048576K
}
Event: 41.578 GC heap before
{Heap before GC invocations=106 (full 0):
 garbage-first heap   total 189440K, used 159146K [0x00000000b0000000, 0x0000000100000000)
  region size 1024K, 30 young (30720K), 5 survivors (5120K)
 Metaspace       used 119411K, capacity 122309K, committed 122448K, reserved 1155072K
  class space    used 14885K, capacity 15996K, committed 16000K, reserved 1048576K
}
Event: 41.661 GC heap after
{Heap after GC invocations=107 (full 0):
 garbage-first heap   total 227328K, used 137577K [0x00000000b0000000, 0x0000000100000000)
  region size 1024K, 4 young (4096K), 4 survivors (4096K)
 Metaspace       used 119411K, capacity 122309K, committed 122448K, reserved 1155072K
  class space    used 14885K, capacity 15996K, committed 16000K, reserved 1048576K
}
Event: 41.747 GC heap before
{Heap before GC invocations=107 (full 0):
 garbage-first heap   total 227328K, used 175465K [0x00000000b0000000, 0x0000000100000000)
  region size 1024K, 42 young (43008K), 4 survivors (4096K)
 Metaspace       used 119412K, capacity 122309K, committed 122448K, reserved 1155072K
  class space    used 14885K, capacity 15996K, committed 16000K, reserved 1048576K
}
Event: 41.755 GC heap after
{Heap after GC invocations=108 (full 0):
 garbage-first heap   total 227328K, used 143360K [0x00000000b0000000, 0x0000000100000000)
  region size 1024K, 6 young (6144K), 6 survivors (6144K)
 Metaspace       used 119412K, capacity 122309K, committed 122448K, reserved 1155072K
  class space    used 14885K, capacity 15996K, committed 16000K, reserved 1048576K
}
Event: 41.824 GC heap before
{Heap before GC invocations=108 (full 0):
 garbage-first heap   total 227328K, used 180224K [0x00000000b0000000, 0x0000000100000000)
  region size 1024K, 43 young (44032K), 6 survivors (6144K)
 Metaspace       used 119428K, capacity 122309K, committed 122448K, reserved 1155072K
  class space    used 14886K, capacity 15996K, committed 16000K, reserved 1048576K
}
Event: 41.834 GC heap after
{Heap after GC invocations=109 (full 0):
 garbage-first heap   total 227328K, used 149281K [0x00000000b0000000, 0x0000000100000000)
  region size 1024K, 6 young (6144K), 6 survivors (6144K)
 Metaspace       used 119428K, capacity 122309K, committed 122448K, reserved 1155072K
  class space    used 14886K, capacity 15996K, committed 16000K, reserved 1048576K
}
Event: 41.885 GC heap before
{Heap before GC invocations=109 (full 0):
 garbage-first heap   total 227328K, used 183073K [0x00000000b0000000, 0x0000000100000000)
  region size 1024K, 40 young (40960K), 6 survivors (6144K)
 Metaspace       used 119450K, capacity 122376K, committed 122448K, reserved 1155072K
  class space    used 14887K, capacity 15997K, committed 16000K, reserved 1048576K
}
Event: 41.896 GC heap after
{Heap after GC invocations=110 (full 0):
 garbage-first heap   total 227328K, used 154088K [0x00000000b0000000, 0x0000000100000000)
  region size 1024K, 5 young (5120K), 5 survivors (5120K)
 Metaspace       used 119450K, capacity 122376K, committed 122448K, reserved 1155072K
  class space    used 14887K, capacity 15997K, committed 16000K, reserved 1048576K
}
Event: 41.991 GC heap before
{Heap before GC invocations=110 (full 0):
 garbage-first heap   total 227328K, used 185832K [0x00000000b0000000, 0x0000000100000000)
  region size 1024K, 37 young (37888K), 5 survivors (5120K)
 Metaspace       used 119456K, capacity 122377K, committed 122448K, reserved 1155072K
  class space    used 14887K, capacity 15997K, committed 16000K, reserved 1048576K
}

